<?xml version="1.0" encoding="UTF-8"?>
<testsuites>
  <testsuite name="Plugin Tests" tests="13" assertions="15" failures="0" errors="0" time="0.133717">
    <testsuite name="Craft\MinimeeLocalAssetModelTest" file="/Users/John/Repos/JDW - JohnDWells/craft.minimee/plugins/minimee/tests/models/MinimeeLocalAssetModelTest.php" namespace="Craft" fullPackage="Craft" tests="3" assertions="3" failures="0" errors="0" time="0.037988">
      <testcase name="testSetFilenamePathRemovesDoubleSlashes" class="Craft\MinimeeLocalAssetModelTest" file="/Users/John/Repos/JDW - JohnDWells/craft.minimee/plugins/minimee/tests/models/MinimeeLocalAssetModelTest.php" line="24" assertions="1" time="0.024772"/>
      <testcase name="testSetFilenameUrlRemovesDoubleSlashes" class="Craft\MinimeeLocalAssetModelTest" file="/Users/John/Repos/JDW - JohnDWells/craft.minimee/plugins/minimee/tests/models/MinimeeLocalAssetModelTest.php" line="32" assertions="1" time="0.006076"/>
      <testcase name="testSetFilenameUrlRemovesDoubleSlashesProtocolRelative" class="Craft\MinimeeLocalAssetModelTest" file="/Users/John/Repos/JDW - JohnDWells/craft.minimee/plugins/minimee/tests/models/MinimeeLocalAssetModelTest.php" line="40" assertions="1" time="0.007140"/>
    </testsuite>
    <testsuite name="Craft\MinimeeRemoteAssetModelTest" file="/Users/John/Repos/JDW - JohnDWells/craft.minimee/plugins/minimee/tests/models/MinimeeRemoteAssetModelTest.php" namespace="Craft" fullPackage="Craft" tests="4" assertions="4" failures="0" errors="0" time="0.027392">
      <testcase name="testSetFilenamePathRemovesDoubleSlashes" class="Craft\MinimeeRemoteAssetModelTest" file="/Users/John/Repos/JDW - JohnDWells/craft.minimee/plugins/minimee/tests/models/MinimeeRemoteAssetModelTest.php" line="24" assertions="1" time="0.006455"/>
      <testcase name="testSetFilenamePathRemovesDoubleSlashesProtocolRelative" class="Craft\MinimeeRemoteAssetModelTest" file="/Users/John/Repos/JDW - JohnDWells/craft.minimee/plugins/minimee/tests/models/MinimeeRemoteAssetModelTest.php" line="32" assertions="1" time="0.005943"/>
      <testcase name="testSetFilenameUrlRemovesDoubleSlashes" class="Craft\MinimeeRemoteAssetModelTest" file="/Users/John/Repos/JDW - JohnDWells/craft.minimee/plugins/minimee/tests/models/MinimeeRemoteAssetModelTest.php" line="40" assertions="1" time="0.006395"/>
      <testcase name="testSetFilenameUrlRemovesDoubleSlashesProtocolRelative" class="Craft\MinimeeRemoteAssetModelTest" file="/Users/John/Repos/JDW - JohnDWells/craft.minimee/plugins/minimee/tests/models/MinimeeRemoteAssetModelTest.php" line="48" assertions="1" time="0.008599"/>
    </testsuite>
    <testsuite name="Craft\MinimeeSettingsModelTest" file="/Users/John/Repos/JDW - JohnDWells/craft.minimee/plugins/minimee/tests/models/MinimeeSettingsModelTest.php" namespace="Craft" fullPackage="Craft" tests="6" assertions="8" failures="0" errors="0" time="0.068336">
      <testcase name="testUseResourceCacheWhenBothNonEmpty" class="Craft\MinimeeSettingsModelTest" file="/Users/John/Repos/JDW - JohnDWells/craft.minimee/plugins/minimee/tests/models/MinimeeSettingsModelTest.php" line="24" assertions="1" time="0.009406"/>
      <testcase name="testUseResourceCacheWhenOneIsEmpty" class="Craft\MinimeeSettingsModelTest" file="/Users/John/Repos/JDW - JohnDWells/craft.minimee/plugins/minimee/tests/models/MinimeeSettingsModelTest.php" line="34" assertions="2" time="0.011645"/>
      <testcase name="testUseResourceCacheWhenBothEmpty" class="Craft\MinimeeSettingsModelTest" file="/Users/John/Repos/JDW - JohnDWells/craft.minimee/plugins/minimee/tests/models/MinimeeSettingsModelTest.php" line="51" assertions="1" time="0.008117"/>
      <testcase name="testValidateCachePathAndUrlWhenBothEmpty" class="Craft\MinimeeSettingsModelTest" file="/Users/John/Repos/JDW - JohnDWells/craft.minimee/plugins/minimee/tests/models/MinimeeSettingsModelTest.php" line="61" assertions="1" time="0.007211"/>
      <testcase name="testValidateCachePathAndUrlWhenBothNonEmpty" class="Craft\MinimeeSettingsModelTest" file="/Users/John/Repos/JDW - JohnDWells/craft.minimee/plugins/minimee/tests/models/MinimeeSettingsModelTest.php" line="72" assertions="1" time="0.007129"/>
      <testcase name="testValidateCachePathAndUrlWhenOneIsEmpty" class="Craft\MinimeeSettingsModelTest" file="/Users/John/Repos/JDW - JohnDWells/craft.minimee/plugins/minimee/tests/models/MinimeeSettingsModelTest.php" line="83" assertions="2" time="0.024828"/>
    </testsuite>
  </testsuite>
</testsuites>
